Using pre-set license
Built from '2021.3/staging' branch; Version is '2021.3.8f1 (b30333d56e81) revision 11731763'; Using compiler version '192829333'; Build Type 'Release'
OS: 'Unknown Windows version  (6.2.9200) 64bit Professional' Language: 'en' Physical Memory: 16320 MB
BatchMode: 1, IsHumanControllingUs: 0, StartBugReporterOnCrash: 0, Is64bit: 1, IsPro: 1

COMMAND LINE ARGUMENTS:
D:\Unity\2021.3.8f1\Editor\Unity.exe
-adb2
-batchMode
-noUpm
-name
AssetImportWorker2
-projectPath
D:/Unity/Projects/2022 Project/2D Platformer(21)
-logFile
Logs/AssetImportWorker2.log
-srvPort
51721
Successfully changed project path to: D:/Unity/Projects/2022 Project/2D Platformer(21)
D:/Unity/Projects/2022 Project/2D Platformer(21)
[UnityMemory] Configuration Parameters - Can be set up in boot.config
    "memorysetup-bucket-allocator-granularity=16"
    "memorysetup-bucket-allocator-bucket-count=8"
    "memorysetup-bucket-allocator-block-size=33554432"
    "memorysetup-bucket-allocator-block-count=8"
    "memorysetup-main-allocator-block-size=16777216"
    "memorysetup-thread-allocator-block-size=16777216"
    "memorysetup-gfx-main-allocator-block-size=16777216"
    "memorysetup-gfx-thread-allocator-block-size=16777216"
    "memorysetup-cache-allocator-block-size=4194304"
    "memorysetup-typetree-allocator-block-size=2097152"
    "memorysetup-profiler-bucket-allocator-granularity=16"
    "memorysetup-profiler-bucket-allocator-bucket-count=8"
    "memorysetup-profiler-bucket-allocator-block-size=33554432"
    "memorysetup-profiler-bucket-allocator-block-count=8"
    "memorysetup-profiler-allocator-block-size=16777216"
    "memorysetup-profiler-editor-allocator-block-size=1048576"
    "memorysetup-temp-allocator-size-main=16777216"
    "memorysetup-job-temp-allocator-block-size=2097152"
    "memorysetup-job-temp-allocator-block-size-background=1048576"
    "memorysetup-job-temp-allocator-reduction-small-platforms=262144"
    "memorysetup-temp-allocator-size-background-worker=32768"
    "memorysetup-temp-allocator-size-job-worker=262144"
    "memorysetup-temp-allocator-size-preload-manager=33554432"
    "memorysetup-temp-allocator-size-nav-mesh-worker=65536"
    "memorysetup-temp-allocator-size-audio-worker=65536"
    "memorysetup-temp-allocator-size-cloud-worker=32768"
    "memorysetup-temp-allocator-size-gi-baking-worker=262144"
    "memorysetup-temp-allocator-size-gfx=262144"
Refreshing native plugins compatible for Editor in 179.72 ms, found 4 plugins.
Preloading 0 native plugins for Editor in 0.00 ms.
Initialize engine version: 2021.3.8f1 (b30333d56e81)
[Subsystems] Discovering subsystems at path D:/Unity/2021.3.8f1/Editor/Data/Resources/UnitySubsystems
[Subsystems] Discovering subsystems at path D:/Unity/Projects/2022 Project/2D Platformer(21)/Assets
GfxDevice: creating device client; threaded=0; jobified=0
Direct3D:
    Version:  Direct3D 11.0 [level 11.1]
    Renderer: NVIDIA GeForce GTX 960 (ID=0x1401)
    Vendor:   NVIDIA
    VRAM:     4047 MB
    Driver:   31.0.15.3640
Initialize mono
Mono path[0] = 'D:/Unity/2021.3.8f1/Editor/Data/Managed'
Mono path[1] = 'D:/Unity/2021.3.8f1/Editor/Data/MonoBleedingEdge/lib/mono/unityjit-win32'
Mono config path = 'D:/Unity/2021.3.8f1/Editor/Data/MonoBleedingEdge/etc'
Using monoOptions --debugger-agent=transport=dt_socket,embedding=1,server=y,suspend=n,address=127.0.0.1:56764
Begin MonoManager ReloadAssembly
Registering precompiled unity dll's ...
Register platform support module: D:/Unity/2021.3.8f1/Editor/Data/PlaybackEngines/WebGLSupport/UnityEditor.WebGL.Extensions.dll
Register platform support module: D:/Unity/2021.3.8f1/Editor/Data/PlaybackEngines/AndroidPlayer/UnityEditor.Android.Extensions.dll
Register platform support module: D:/Unity/2021.3.8f1/Editor/Data/PlaybackEngines/iOSSupport/UnityEditor.iOS.Extensions.dll
Register platform support module: D:/Unity/2021.3.8f1/Editor/Data/PlaybackEngines/WindowsStandaloneSupport/UnityEditor.WindowsStandalone.Extensions.dll
Register platform support module: D:/Unity/2021.3.8f1/Editor/Data/PlaybackEngines/MetroSupport/UnityEditor.UWP.Extensions.dll
Registered in 0.003783 seconds.
Native extension for UWP target not found
Native extension for WindowsStandalone target not found
[usbmuxd] Start listen thread
[usbmuxd] Listen thread started
[usbmuxd] Send listen message
Native extension for iOS target not found
Native extension for Android target not found
Native extension for WebGL target not found
Refreshing native plugins compatible for Editor in 218.06 ms, found 4 plugins.
Preloading 0 native plugins for Editor in 0.00 ms.
Mono: successfully reloaded assembly
- Completed reload, in  2.519 seconds
Domain Reload Profiling:
	ReloadAssembly (2521ms)
		BeginReloadAssembly (177ms)
			ExecutionOrderSort (0ms)
			DisableScriptedObjects (0ms)
			BackupInstance (0ms)
			ReleaseScriptingObjects (0ms)
			CreateAndSetChildDomain (3ms)
		EndReloadAssembly (1845ms)
			LoadAssemblies (176ms)
			RebuildTransferFunctionScriptingTraits (0ms)
			SetupTypeCache (606ms)
			ReleaseScriptCaches (0ms)
			RebuildScriptCaches (89ms)
			SetupLoadedEditorAssemblies (960ms)
				LogAssemblyErrors (0ms)
				InitializePlatformSupportModulesInManaged (199ms)
				SetLoadedEditorAssemblies (1ms)
				RefreshPlugins (218ms)
				BeforeProcessingInitializeOnLoad (5ms)
				ProcessInitializeOnLoadAttributes (368ms)
				ProcessInitializeOnLoadMethodAttributes (168ms)
				AfterProcessingInitializeOnLoad (0ms)
				EditorAssembliesLoaded (1ms)
			ExecutionOrderSort2 (0ms)
			AwakeInstancesAfterBackupRestoration (0ms)
Platform modules already initialized, skipping
Registering precompiled user dll's ...
Registered in 0.005784 seconds.
Begin MonoManager ReloadAssembly
Symbol file LoadedFromMemory doesn't match image D:\Unity\Projects\2022 Project\2D Platformer(21)\Library\PackageCache\com.unity.visualscripting@1.7.8\Editor\VisualScripting.Core\Dependencies\YamlDotNet\Unity.VisualScripting.YamlDotNet.dll
Symbol file LoadedFromMemory doesn't match image D:\Unity\Projects\2022 Project\2D Platformer(21)\Library\PackageCache\com.unity.visualscripting@1.7.8\Editor\VisualScripting.Core\Dependencies\DotNetZip\Unity.VisualScripting.IonicZip.dll
Native extension for UWP target not found
Native extension for WindowsStandalone target not found
Native extension for iOS target not found
Native extension for Android target not found
Native extension for WebGL target not found
Refreshing native plugins compatible for Editor in 207.29 ms, found 4 plugins.
Preloading 0 native plugins for Editor in 0.00 ms.
Mono: successfully reloaded assembly
- Completed reload, in  5.406 seconds
Domain Reload Profiling:
	ReloadAssembly (5410ms)
		BeginReloadAssembly (706ms)
			ExecutionOrderSort (0ms)
			DisableScriptedObjects (26ms)
			BackupInstance (0ms)
			ReleaseScriptingObjects (0ms)
			CreateAndSetChildDomain (339ms)
		EndReloadAssembly (4118ms)
			LoadAssemblies (191ms)
			RebuildTransferFunctionScriptingTraits (0ms)
			SetupTypeCache (1599ms)
			ReleaseScriptCaches (1ms)
			RebuildScriptCaches (217ms)
			SetupLoadedEditorAssemblies (1814ms)
				LogAssemblyErrors (0ms)
				InitializePlatformSupportModulesInManaged (83ms)
				SetLoadedEditorAssemblies (1ms)
				RefreshPlugins (207ms)
				BeforeProcessingInitializeOnLoad (253ms)
				ProcessInitializeOnLoadAttributes (1103ms)
				ProcessInitializeOnLoadMethodAttributes (163ms)
				AfterProcessingInitializeOnLoad (3ms)
				EditorAssembliesLoaded (1ms)
			ExecutionOrderSort2 (0ms)
			AwakeInstancesAfterBackupRestoration (15ms)
Platform modules already initialized, skipping
========================================================================
Worker process is ready to serve import requests
Launched and connected shader compiler UnityShaderCompiler.exe after 0.16 seconds
Refreshing native plugins compatible for Editor in 1.59 ms, found 4 plugins.
Preloading 0 native plugins for Editor in 0.00 ms.
Unloading 4603 Unused Serialized files (Serialized files now loaded: 0)
Unloading 60 unused Assets / (293.4 KB). Loaded Objects now: 5058.
Memory consumption went from 173.8 MB to 173.5 MB.
Total: 4.378100 ms (FindLiveObjects: 0.366500 ms CreateObjectMapping: 0.296600 ms MarkObjects: 3.530900 ms  DeleteObjects: 0.183000 ms)

AssetImportParameters requested are different than current active one (requested -> active):
  custom:video-decoder-ogg-theora: a1e56fd34408186e4bbccfd4996cb3dc -> 
  custom:container-muxer-webm: aa71ff27fc2769a1b78a27578f13a17b -> 
  custom:container-demuxer-webm: 4f35f7cbe854078d1ac9338744f61a02 -> 
  custom:video-encoder-webm-vp8: eb34c28f22e8b96e1ab97ce403110664 -> 
  custom:video-codec-MediaFoundation-h265: 746d11721c4dcdbdad8f713fa42b33f4 -> 
  custom:audio-encoder-webm-vorbis: bf7c407c2cedff20999df2af8eb42d56 -> 
  custom:framework-win-MediaFoundation: 216162199b28c13a410421893ffa2e32 -> 
  custom:container-demuxer-ogg: 62fdf1f143b41e24485cea50d1cbac27 -> 
  custom:video-decoder-webm-vp8: 9c59270c3fd7afecdb556c50c9e8de78 -> 
  custom:audio-decoder-ogg-vorbis: bf7c407c2cedff20999df2af8eb42d56 -> 
========================================================================
Received Import Request.
  Time since last request: 1885.632001 seconds.
  path: Assets/Art/Player/Animations/AC_Player.controller
  artifactKey: Guid(2630436448919dc42a79898b36b19503) Importer(815301076,1909f56bfc062723c751e8b465ee728b)
Start importing Assets/Art/Player/Animations/AC_Player.controller using Guid(2630436448919dc42a79898b36b19503) Importer(815301076,1909f56bfc062723c751e8b465ee728b)  -> (artifact id: '643a0b4c96553900dc366b7da93f3f2b') in 0.198593 seconds 
========================================================================
Received Import Request.
  Time since last request: 9.848610 seconds.
  path: Assets/Art/Player/Animations/AC_Player.controller
  artifactKey: Guid(2630436448919dc42a79898b36b19503) Importer(815301076,1909f56bfc062723c751e8b465ee728b)
Start importing Assets/Art/Player/Animations/AC_Player.controller using Guid(2630436448919dc42a79898b36b19503) Importer(815301076,1909f56bfc062723c751e8b465ee728b)  -> (artifact id: '2c00b79f13083d74457844aadd396c34') in 0.009055 seconds 
========================================================================
Received Import Request.
  Time since last request: 373.887337 seconds.
  path: Assets/Medieval Music Pack
  artifactKey: Guid(1548e092fcbff14478c060f3da1993d9) Importer(815301076,1909f56bfc062723c751e8b465ee728b)
Start importing Assets/Medieval Music Pack using Guid(1548e092fcbff14478c060f3da1993d9) Importer(815301076,1909f56bfc062723c751e8b465ee728b)  -> (artifact id: 'b5f39c655550fe087f5dddae63e42aa1') in 0.006638 seconds 
========================================================================
Received Import Request.
  Time since last request: 0.767326 seconds.
  path: Assets/Medieval Music Pack/mp3
  artifactKey: Guid(5e4290ea16f793848afc6f00e3f66fd8) Importer(815301076,1909f56bfc062723c751e8b465ee728b)
Start importing Assets/Medieval Music Pack/mp3 using Guid(5e4290ea16f793848afc6f00e3f66fd8) Importer(815301076,1909f56bfc062723c751e8b465ee728b)  -> (artifact id: '2be613689c30cb257c0b844a20a264ef') in 0.006488 seconds 
========================================================================
Received Import Request.
  Time since last request: 0.045342 seconds.
  path: Assets/Medieval Music Pack/mp3/Medieval Vol. 2 1.mp3
  artifactKey: Guid(470544d826c66474292cba7d3aa87ef3) Importer(815301076,1909f56bfc062723c751e8b465ee728b)
Start importing Assets/Medieval Music Pack/mp3/Medieval Vol. 2 1.mp3 using Guid(470544d826c66474292cba7d3aa87ef3) Importer(815301076,1909f56bfc062723c751e8b465ee728b)  -> (artifact id: '50034a1d82eac3f6584b8f222a12ec66') in 0.244431 seconds 
========================================================================
Received Import Request.
  Time since last request: 0.000027 seconds.
  path: Assets/Medieval Music Pack/mp3/Medieval Vol. 2 7.mp3
  artifactKey: Guid(3dce4ab0232e30c419458c97e569ece9) Importer(815301076,1909f56bfc062723c751e8b465ee728b)
Start importing Assets/Medieval Music Pack/mp3/Medieval Vol. 2 7.mp3 using Guid(3dce4ab0232e30c419458c97e569ece9) Importer(815301076,1909f56bfc062723c751e8b465ee728b)  -> (artifact id: '5defe7909531bd3b4b90ba6bde7654bd') in 0.020076 seconds 
========================================================================
Received Import Request.
  Time since last request: 0.000039 seconds.
  path: Assets/Medieval Music Pack/mp3/Medieval Vol. 2 5.mp3
  artifactKey: Guid(e51d4931b3b3c194cb17e52ae4e36cac) Importer(815301076,1909f56bfc062723c751e8b465ee728b)
Start importing Assets/Medieval Music Pack/mp3/Medieval Vol. 2 5.mp3 using Guid(e51d4931b3b3c194cb17e52ae4e36cac) Importer(815301076,1909f56bfc062723c751e8b465ee728b)  -> (artifact id: 'dac20bed55bcd78723b21a080e5885ef') in 0.018513 seconds 
========================================================================
Received Import Request.
  Time since last request: 0.000039 seconds.
  path: Assets/Medieval Music Pack/mp3/Medieval Vol. 2 3.mp3
  artifactKey: Guid(d9544df379cbbaf46ad61885fd078234) Importer(815301076,1909f56bfc062723c751e8b465ee728b)
Start importing Assets/Medieval Music Pack/mp3/Medieval Vol. 2 3.mp3 using Guid(d9544df379cbbaf46ad61885fd078234) Importer(815301076,1909f56bfc062723c751e8b465ee728b)  -> (artifact id: 'e881de818293bb661b766898fa0abc7e') in 0.021052 seconds 
Editor requested this worker to shutdown with reason: Scaling down because of idle timeout
AssetImportWorker is now disconnected from the server
Process exiting
Exiting without the bug reporter. Application will terminate with return code 0